WildLifeSpotter2/app/build/intermediates/manifest_merge_blame_file/debug/manifest-merger-blame-debug-report.txt
1<?xml version="1.0" encoding="utf-8"?>
2<manifest xmlns:android="http://schemas.android.com/apk/res/android"
3    package="com.example.wildlifespotter"
4    android:versionCode="1"
5    android:versionName="1.0" >
6
7    <uses-sdk
8        android:minSdkVersion="21"
8-->src\main\AndroidManifest.xml
9        android:targetSdkVersion="30" />
9-->src\main\AndroidManifest.xml
10    <!-- <uses-sdk -->
11    <!-- android:minSdkVersion="9" -->
12    <!-- android:targetSdkVersion="17" /> -->
13    <uses-permission android:name="android.permission.INTERNET" />
13-->src\main\AndroidManifest.xml:7:5-67
13-->src\main\AndroidManifest.xml:7:22-64
14    <uses-permission android:name="android.permission.ACCESS_FINE_LOCATION" />
14-->src\main\AndroidManifest.xml:8:5-78
14-->src\main\AndroidManifest.xml:8:22-76
15    <uses-permission android:name="android.permission.ACCESS_NETWORK_STATE" />
15-->src\main\AndroidManifest.xml:9:5-79
15-->src\main\AndroidManifest.xml:9:22-76
16
17    <application
17-->src\main\AndroidManifest.xml:11:5-32:19
18        android:allowBackup="true"
18-->src\main\AndroidManifest.xml:12:9-35
19        android:appComponentFactory="androidx.core.app.CoreComponentFactory"
19-->[androidx.core:core:1.2.0] AndroidManifest.xml:24:18-86
20        android:debuggable="true"
21        android:icon="@mipmap/ic_launcher"
21-->src\main\AndroidManifest.xml:13:9-43
22        android:label="@string/app_name"
22-->src\main\AndroidManifest.xml:14:9-41
23        android:roundIcon="@mipmap/ic_launcher_round"
23-->src\main\AndroidManifest.xml:15:9-54
24        android:supportsRtl="true"
24-->src\main\AndroidManifest.xml:16:9-35
25        android:testOnly="true"
26        android:theme="@style/Theme.WildLifeSpotter" >
26-->src\main\AndroidManifest.xml:17:9-53
27        <activity android:name="com.example.wildlifespotter.Login" />
27-->src\main\AndroidManifest.xml:18:9-43
27-->src\main\AndroidManifest.xml:18:19-40
28        <activity android:name="com.example.wildlifespotter.MainActivity" />
28-->src\main\AndroidManifest.xml:19:9-49
28-->src\main\AndroidManifest.xml:19:19-47
29<![CDATA[
30            android:label="@string/title_activity_login"/>
31
32        ]]>
33        <activity android:name="com.example.wildlifespotter.PinLocationMenu" />
33-->src\main\AndroidManifest.xml:23:9-53
33-->src\main\AndroidManifest.xml:23:19-50
34        <activity android:name="com.example.wildlifespotter.BrowseMapMenu" />
34-->src\main\AndroidManifest.xml:24:9-51
34-->src\main\AndroidManifest.xml:24:19-48
35        <activity android:name="com.example.wildlifespotter.Registration" >
35-->src\main\AndroidManifest.xml:25:9-31:20
35-->src\main\AndroidManifest.xml:25:19-47
36            <intent-filter>
36-->src\main\AndroidManifest.xml:26:13-30:29
37                <action android:name="android.intent.action.MAIN" />
37-->src\main\AndroidManifest.xml:27:17-69
37-->src\main\AndroidManifest.xml:27:25-66
38
39                <category android:name="android.intent.category.LAUNCHER" />
39-->src\main\AndroidManifest.xml:29:17-77
39-->src\main\AndroidManifest.xml:29:27-74
40            </intent-filter>
41        </activity>
42
43        <service
43-->[com.google.firebase:firebase-firestore:22.1.2] AndroidManifest.xml:17:9-23:19
44            android:name="com.google.firebase.components.ComponentDiscoveryService"
44-->[com.google.firebase:firebase-firestore:22.1.2] AndroidManifest.xml:18:13-84
45            android:directBootAware="true"
45-->[com.google.firebase:firebase-common:19.5.0] AndroidManifest.xml:35:13-43
46            android:exported="false" >
46-->[com.google.firebase:firebase-firestore:22.1.2] AndroidManifest.xml:19:13-37
47            <meta-data
47-->[com.google.firebase:firebase-firestore:22.1.2] AndroidManifest.xml:20:13-22:85
48                android:name="com.google.firebase.components:com.google.firebase.firestore.FirestoreRegistrar"
48-->[com.google.firebase:firebase-firestore:22.1.2] AndroidManifest.xml:21:17-111
49                android:value="com.google.firebase.components.ComponentRegistrar" />
49-->[com.google.firebase:firebase-firestore:22.1.2] AndroidManifest.xml:22:17-82
50            <meta-data
50-->[com.google.firebase:firebase-database:19.2.1] AndroidManifest.xml:32:13-34:85
51                android:name="com.google.firebase.components:com.google.firebase.database.DatabaseRegistrar"
51-->[com.google.firebase:firebase-database:19.2.1] AndroidManifest.xml:33:17-109
52                android:value="com.google.firebase.components.ComponentRegistrar" />
52-->[com.google.firebase:firebase-database:19.2.1] AndroidManifest.xml:34:17-82
53            <meta-data
53-->[com.google.firebase:firebase-storage:19.1.0] AndroidManifest.xml:33:13-35:85
54                android:name="com.google.firebase.components:com.google.firebase.storage.StorageRegistrar"
54-->[com.google.firebase:firebase-storage:19.1.0] AndroidManifest.xml:34:17-107
55                android:value="com.google.firebase.components.ComponentRegistrar" />
55-->[com.google.firebase:firebase-storage:19.1.0] AndroidManifest.xml:35:17-82
56            <meta-data
56-->[com.google.firebase:firebase-auth:20.0.3] AndroidManifest.xml:77:13-79:85
57                android:name="com.google.firebase.components:com.google.firebase.auth.FirebaseAuthRegistrar"
57-->[com.google.firebase:firebase-auth:20.0.3] AndroidManifest.xml:78:17-109
58                android:value="com.google.firebase.components.ComponentRegistrar" />
58-->[com.google.firebase:firebase-auth:20.0.3] AndroidManifest.xml:79:17-82
59            <!--
60                This registrar is not defined in the dynamic-module-support sdk itself to allow non-firebase
61                clients to use it as well, by defining this registrar in their own core/common library.
62            -->
63            <meta-data
63-->[com.google.firebase:firebase-common:19.5.0] AndroidManifest.xml:43:13-45:85
64                android:name="com.google.firebase.components:com.google.firebase.dynamicloading.DynamicLoadingRegistrar"
64-->[com.google.firebase:firebase-common:19.5.0] AndroidManifest.xml:44:17-121
65                android:value="com.google.firebase.components.ComponentRegistrar" />
65-->[com.google.firebase:firebase-common:19.5.0] AndroidManifest.xml:45:17-82
66        </service>
67
68        <activity
68-->[com.google.firebase:firebase-auth:20.0.3] AndroidManifest.xml:27:9-44:20
69            android:name="com.google.firebase.auth.internal.GenericIdpActivity"
69-->[com.google.firebase:firebase-auth:20.0.3] AndroidManifest.xml:28:13-80
70            android:excludeFromRecents="true"
70-->[com.google.firebase:firebase-auth:20.0.3] AndroidManifest.xml:29:13-46
71            android:exported="true"
71-->[com.google.firebase:firebase-auth:20.0.3] AndroidManifest.xml:30:13-36
72            android:launchMode="singleTask"
72-->[com.google.firebase:firebase-auth:20.0.3] AndroidManifest.xml:31:13-44
73            android:theme="@android:style/Theme.Translucent.NoTitleBar" >
73-->[com.google.firebase:firebase-auth:20.0.3] AndroidManifest.xml:32:13-72
74            <intent-filter>
74-->[com.google.firebase:firebase-auth:20.0.3] AndroidManifest.xml:33:13-43:29
75                <action android:name="android.intent.action.VIEW" />
75-->[com.google.firebase:firebase-auth:20.0.3] AndroidManifest.xml:34:17-69
75-->[com.google.firebase:firebase-auth:20.0.3] AndroidManifest.xml:34:25-66
76
77                <category android:name="android.intent.category.DEFAULT" />
77-->[com.google.firebase:firebase-auth:20.0.3] AndroidManifest.xml:36:17-76
77-->[com.google.firebase:firebase-auth:20.0.3] AndroidManifest.xml:36:27-73
78                <category android:name="android.intent.category.BROWSABLE" />
78-->[com.google.firebase:firebase-auth:20.0.3] AndroidManifest.xml:37:17-78
78-->[com.google.firebase:firebase-auth:20.0.3] AndroidManifest.xml:37:27-75
79
80                <data
80-->[com.google.firebase:firebase-auth:20.0.3] AndroidManifest.xml:39:17-42:51
81                    android:host="firebase.auth"
81-->[com.google.firebase:firebase-auth:20.0.3] AndroidManifest.xml:40:21-49
82                    android:path="/"
82-->[com.google.firebase:firebase-auth:20.0.3] AndroidManifest.xml:41:21-37
83                    android:scheme="genericidp" />
83-->[com.google.firebase:firebase-auth:20.0.3] AndroidManifest.xml:42:21-48
84            </intent-filter>
85        </activity>
86        <activity
86-->[com.google.firebase:firebase-auth:20.0.3] AndroidManifest.xml:45:9-62:20
87            android:name="com.google.firebase.auth.internal.RecaptchaActivity"
87-->[com.google.firebase:firebase-auth:20.0.3] AndroidManifest.xml:46:13-79
88            android:excludeFromRecents="true"
88-->[com.google.firebase:firebase-auth:20.0.3] AndroidManifest.xml:47:13-46
89            android:exported="true"
89-->[com.google.firebase:firebase-auth:20.0.3] AndroidManifest.xml:48:13-36
90            android:launchMode="singleTask"
90-->[com.google.firebase:firebase-auth:20.0.3] AndroidManifest.xml:49:13-44
91            android:theme="@android:style/Theme.Translucent.NoTitleBar" >
91-->[com.google.firebase:firebase-auth:20.0.3] AndroidManifest.xml:50:13-72
92            <intent-filter>
92-->[com.google.firebase:firebase-auth:20.0.3] AndroidManifest.xml:51:13-61:29
93                <action android:name="android.intent.action.VIEW" />
93-->[com.google.firebase:firebase-auth:20.0.3] AndroidManifest.xml:34:17-69
93-->[com.google.firebase:firebase-auth:20.0.3] AndroidManifest.xml:34:25-66
94
95                <category android:name="android.intent.category.DEFAULT" />
95-->[com.google.firebase:firebase-auth:20.0.3] AndroidManifest.xml:36:17-76
95-->[com.google.firebase:firebase-auth:20.0.3] AndroidManifest.xml:36:27-73
96                <category android:name="android.intent.category.BROWSABLE" />
96-->[com.google.firebase:firebase-auth:20.0.3] AndroidManifest.xml:37:17-78
96-->[com.google.firebase:firebase-auth:20.0.3] AndroidManifest.xml:37:27-75
97
98                <data
98-->[com.google.firebase:firebase-auth:20.0.3] AndroidManifest.xml:39:17-42:51
99                    android:host="firebase.auth"
99-->[com.google.firebase:firebase-auth:20.0.3] AndroidManifest.xml:40:21-49
100                    android:path="/"
100-->[com.google.firebase:firebase-auth:20.0.3] AndroidManifest.xml:41:21-37
101                    android:scheme="recaptcha" />
101-->[com.google.firebase:firebase-auth:20.0.3] AndroidManifest.xml:42:21-48
102            </intent-filter>
103        </activity>
104
105        <service
105-->[com.google.firebase:firebase-auth:20.0.3] AndroidManifest.xml:64:9-73:19
106            android:name="com.google.firebase.auth.api.fallback.service.FirebaseAuthFallbackService"
106-->[com.google.firebase:firebase-auth:20.0.3] AndroidManifest.xml:65:13-101
107            android:enabled="true"
107-->[com.google.firebase:firebase-auth:20.0.3] AndroidManifest.xml:66:13-35
108            android:exported="false" >
108-->[com.google.firebase:firebase-auth:20.0.3] AndroidManifest.xml:67:13-37
109            <intent-filter>
109-->[com.google.firebase:firebase-auth:20.0.3] AndroidManifest.xml:68:13-72:29
110                <action android:name="com.google.firebase.auth.api.gms.service.START" />
110-->[com.google.firebase:firebase-auth:20.0.3] AndroidManifest.xml:69:17-89
110-->[com.google.firebase:firebase-auth:20.0.3] AndroidManifest.xml:69:25-86
111
112                <category android:name="android.intent.category.DEFAULT" />
112-->[com.google.firebase:firebase-auth:20.0.3] AndroidManifest.xml:36:17-76
112-->[com.google.firebase:firebase-auth:20.0.3] AndroidManifest.xml:36:27-73
113            </intent-filter>
114        </service>
115
116        <activity
116-->[com.google.android.gms:play-services-base:17.5.0] AndroidManifest.xml:23:9-26:75
117            android:name="com.google.android.gms.common.api.GoogleApiActivity"
117-->[com.google.android.gms:play-services-base:17.5.0] AndroidManifest.xml:24:13-79
118            android:exported="false"
118-->[com.google.android.gms:play-services-base:17.5.0] AndroidManifest.xml:25:13-37
119            android:theme="@android:style/Theme.Translucent.NoTitleBar" />
119-->[com.google.android.gms:play-services-base:17.5.0] AndroidManifest.xml:26:13-72
120
121        <provider
121-->[com.google.firebase:firebase-common:19.5.0] AndroidManifest.xml:26:9-31:39
122            android:name="com.google.firebase.provider.FirebaseInitProvider"
122-->[com.google.firebase:firebase-common:19.5.0] AndroidManifest.xml:27:13-77
123            android:authorities="com.example.wildlifespotter.firebaseinitprovider"
123-->[com.google.firebase:firebase-common:19.5.0] AndroidManifest.xml:28:13-72
124            android:directBootAware="true"
124-->[com.google.firebase:firebase-common:19.5.0] AndroidManifest.xml:29:13-43
125            android:exported="false"
125-->[com.google.firebase:firebase-common:19.5.0] AndroidManifest.xml:30:13-37
126            android:initOrder="100" />
126-->[com.google.firebase:firebase-common:19.5.0] AndroidManifest.xml:31:13-36
127
128        <meta-data
128-->[com.google.android.gms:play-services-basement:17.5.0] AndroidManifest.xml:23:9-25:69
129            android:name="com.google.android.gms.version"
129-->[com.google.android.gms:play-services-basement:17.5.0] AndroidManifest.xml:24:13-58
130            android:value="@integer/google_play_services_version" />
130-->[com.google.android.gms:play-services-basement:17.5.0] AndroidManifest.xml:25:13-66
131    </application>
132
133</manifest>